{"/Users/franco/projects/tempots/dom/src/index.ts": {"path":"/Users/franco/projects/tempots/dom/src/index.ts","statementMap":{"0":{"start":{"line":2,"column":0},"end":{"line":2,"column":9}},"1":{"start":{"line":2,"column":9},"end":{"line":2,"column":27}},"2":{"start":{"line":2,"column":27},"end":{"line":2,"column":79}},"3":{"start":{"line":3,"column":0},"end":{"line":3,"column":9}},"4":{"start":{"line":3,"column":9},"end":{"line":3,"column":15}},"5":{"start":{"line":3,"column":15},"end":{"line":3,"column":37}},"6":{"start":{"line":4,"column":0},"end":{"line":4,"column":9}},"7":{"start":{"line":4,"column":9},"end":{"line":4,"column":33}},"8":{"start":{"line":6,"column":0},"end":{"line":6,"column":9}},"9":{"start":{"line":6,"column":9},"end":{"line":6,"column":59}},"10":{"start":{"line":7,"column":0},"end":{"line":7,"column":9}},"11":{"start":{"line":7,"column":9},"end":{"line":7,"column":61}},"12":{"start":{"line":8,"column":0},"end":{"line":8,"column":9}},"13":{"start":{"line":8,"column":9},"end":{"line":8,"column":65}},"14":{"start":{"line":9,"column":0},"end":{"line":9,"column":26}},"15":{"start":{"line":9,"column":26},"end":{"line":9,"column":59}},"16":{"start":{"line":9,"column":59},"end":{"line":9,"column":88}},"17":{"start":{"line":9,"column":88},"end":{"line":9,"column":109}},"18":{"start":{"line":9,"column":109},"end":{"line":9,"column":126}},"19":{"start":{"line":9,"column":126},"end":{"line":9,"column":153}},"20":{"start":{"line":9,"column":153},"end":{"line":9,"column":207}},"21":{"start":{"line":11,"column":0},"end":{"line":11,"column":9}},"22":{"start":{"line":11,"column":9},"end":{"line":11,"column":24}},"23":{"start":{"line":11,"column":24},"end":{"line":11,"column":86}},"24":{"start":{"line":12,"column":0},"end":{"line":12,"column":9}},"25":{"start":{"line":12,"column":9},"end":{"line":12,"column":31}},"26":{"start":{"line":12,"column":31},"end":{"line":12,"column":114}},"27":{"start":{"line":13,"column":0},"end":{"line":13,"column":9}},"28":{"start":{"line":13,"column":9},"end":{"line":13,"column":24}},"29":{"start":{"line":13,"column":24},"end":{"line":13,"column":86}},"30":{"start":{"line":14,"column":0},"end":{"line":14,"column":9}},"31":{"start":{"line":14,"column":9},"end":{"line":14,"column":23}},"32":{"start":{"line":14,"column":23},"end":{"line":14,"column":53}},"33":{"start":{"line":14,"column":53},"end":{"line":14,"column":67}},"34":{"start":{"line":14,"column":67},"end":{"line":14,"column":126}},"35":{"start":{"line":15,"column":0},"end":{"line":15,"column":9}},"36":{"start":{"line":15,"column":9},"end":{"line":15,"column":17}},"37":{"start":{"line":15,"column":17},"end":{"line":15,"column":58}},"38":{"start":{"line":16,"column":0},"end":{"line":16,"column":9}},"39":{"start":{"line":16,"column":9},"end":{"line":16,"column":17}},"40":{"start":{"line":16,"column":17},"end":{"line":16,"column":74}},"41":{"start":{"line":17,"column":0},"end":{"line":17,"column":9}},"42":{"start":{"line":17,"column":9},"end":{"line":17,"column":18}},"43":{"start":{"line":17,"column":18},"end":{"line":17,"column":78}},"44":{"start":{"line":18,"column":0},"end":{"line":18,"column":9}},"45":{"start":{"line":18,"column":9},"end":{"line":18,"column":53}},"46":{"start":{"line":19,"column":0},"end":{"line":19,"column":9}},"47":{"start":{"line":19,"column":9},"end":{"line":19,"column":23}},"48":{"start":{"line":19,"column":23},"end":{"line":19,"column":62}},"49":{"start":{"line":20,"column":0},"end":{"line":20,"column":9}},"50":{"start":{"line":20,"column":9},"end":{"line":20,"column":30}},"51":{"start":{"line":20,"column":30},"end":{"line":20,"column":83}},"52":{"start":{"line":21,"column":0},"end":{"line":21,"column":9}},"53":{"start":{"line":21,"column":9},"end":{"line":21,"column":27}},"54":{"start":{"line":21,"column":27},"end":{"line":21,"column":35}},"55":{"start":{"line":21,"column":35},"end":{"line":21,"column":80}},"56":{"start":{"line":22,"column":0},"end":{"line":22,"column":9}},"57":{"start":{"line":22,"column":9},"end":{"line":22,"column":24}},"58":{"start":{"line":22,"column":24},"end":{"line":22,"column":86}},"59":{"start":{"line":23,"column":0},"end":{"line":23,"column":9}},"60":{"start":{"line":23,"column":9},"end":{"line":23,"column":20}},"61":{"start":{"line":23,"column":20},"end":{"line":23,"column":86}},"62":{"start":{"line":24,"column":0},"end":{"line":24,"column":9}},"63":{"start":{"line":24,"column":9},"end":{"line":24,"column":68}},"64":{"start":{"line":25,"column":0},"end":{"line":25,"column":9}},"65":{"start":{"line":25,"column":9},"end":{"line":25,"column":17}},"66":{"start":{"line":25,"column":17},"end":{"line":25,"column":58}},"67":{"start":{"line":26,"column":0},"end":{"line":26,"column":9}},"68":{"start":{"line":26,"column":9},"end":{"line":26,"column":68}},"69":{"start":{"line":27,"column":0},"end":{"line":27,"column":9}},"70":{"start":{"line":27,"column":9},"end":{"line":27,"column":20}},"71":{"start":{"line":27,"column":20},"end":{"line":27,"column":44}},"72":{"start":{"line":27,"column":44},"end":{"line":27,"column":82}},"73":{"start":{"line":27,"column":82},"end":{"line":27,"column":116}},"74":{"start":{"line":27,"column":116},"end":{"line":27,"column":158}},"75":{"start":{"line":27,"column":158},"end":{"line":27,"column":226}},"76":{"start":{"line":28,"column":0},"end":{"line":28,"column":9}},"77":{"start":{"line":28,"column":9},"end":{"line":28,"column":21}},"78":{"start":{"line":28,"column":21},"end":{"line":28,"column":74}},"79":{"start":{"line":29,"column":0},"end":{"line":29,"column":9}},"80":{"start":{"line":29,"column":9},"end":{"line":29,"column":23}},"81":{"start":{"line":29,"column":23},"end":{"line":29,"column":82}},"82":{"start":{"line":30,"column":0},"end":{"line":30,"column":9}},"83":{"start":{"line":30,"column":9},"end":{"line":30,"column":21}},"84":{"start":{"line":30,"column":21},"end":{"line":30,"column":47}},"85":{"start":{"line":30,"column":47},"end":{"line":30,"column":107}},"86":{"start":{"line":31,"column":0},"end":{"line":31,"column":9}},"87":{"start":{"line":31,"column":9},"end":{"line":31,"column":19}},"88":{"start":{"line":31,"column":19},"end":{"line":31,"column":66}},"89":{"start":{"line":32,"column":0},"end":{"line":32,"column":9}},"90":{"start":{"line":32,"column":9},"end":{"line":32,"column":19}},"91":{"start":{"line":32,"column":19},"end":{"line":32,"column":66}},"92":{"start":{"line":33,"column":0},"end":{"line":33,"column":9}},"93":{"start":{"line":33,"column":9},"end":{"line":33,"column":26}},"94":{"start":{"line":33,"column":26},"end":{"line":33,"column":94}}},"fnMap":{"0":{"name":"(anonymous_0)","decl":{"start":{"line":2,"column":9},"end":{"line":2,"column":25}},"loc":{"start":{"line":2,"column":9},"end":{"line":2,"column":27}}},"1":{"name":"(anonymous_1)","decl":{"start":{"line":2,"column":27},"end":{"line":2,"column":37}},"loc":{"start":{"line":2,"column":27},"end":{"line":2,"column":79}}},"2":{"name":"(anonymous_2)","decl":{"start":{"line":3,"column":9},"end":{"line":3,"column":13}},"loc":{"start":{"line":3,"column":9},"end":{"line":3,"column":15}}},"3":{"name":"(anonymous_3)","decl":{"start":{"line":3,"column":15},"end":{"line":3,"column":21}},"loc":{"start":{"line":3,"column":15},"end":{"line":3,"column":37}}},"4":{"name":"(anonymous_4)","decl":{"start":{"line":4,"column":9},"end":{"line":4,"column":15}},"loc":{"start":{"line":4,"column":9},"end":{"line":4,"column":33}}},"5":{"name":"(anonymous_5)","decl":{"start":{"line":6,"column":9},"end":{"line":6,"column":23}},"loc":{"start":{"line":6,"column":9},"end":{"line":6,"column":59}}},"6":{"name":"(anonymous_6)","decl":{"start":{"line":7,"column":9},"end":{"line":7,"column":24}},"loc":{"start":{"line":7,"column":9},"end":{"line":7,"column":61}}},"7":{"name":"(anonymous_7)","decl":{"start":{"line":8,"column":9},"end":{"line":8,"column":26}},"loc":{"start":{"line":8,"column":9},"end":{"line":8,"column":65}}},"8":{"name":"(anonymous_8)","decl":{"start":{"line":9,"column":26},"end":{"line":9,"column":57}},"loc":{"start":{"line":9,"column":26},"end":{"line":9,"column":59}}},"9":{"name":"(anonymous_9)","decl":{"start":{"line":9,"column":59},"end":{"line":9,"column":86}},"loc":{"start":{"line":9,"column":59},"end":{"line":9,"column":88}}},"10":{"name":"(anonymous_10)","decl":{"start":{"line":9,"column":88},"end":{"line":9,"column":107}},"loc":{"start":{"line":9,"column":88},"end":{"line":9,"column":109}}},"11":{"name":"(anonymous_11)","decl":{"start":{"line":9,"column":109},"end":{"line":9,"column":124}},"loc":{"start":{"line":9,"column":109},"end":{"line":9,"column":126}}},"12":{"name":"(anonymous_12)","decl":{"start":{"line":9,"column":126},"end":{"line":9,"column":151}},"loc":{"start":{"line":9,"column":126},"end":{"line":9,"column":153}}},"13":{"name":"(anonymous_13)","decl":{"start":{"line":9,"column":153},"end":{"line":9,"column":174}},"loc":{"start":{"line":9,"column":153},"end":{"line":9,"column":207}}},"14":{"name":"(anonymous_14)","decl":{"start":{"line":11,"column":9},"end":{"line":11,"column":22}},"loc":{"start":{"line":11,"column":9},"end":{"line":11,"column":24}}},"15":{"name":"(anonymous_15)","decl":{"start":{"line":11,"column":24},"end":{"line":11,"column":33}},"loc":{"start":{"line":11,"column":24},"end":{"line":11,"column":86}}},"16":{"name":"(anonymous_16)","decl":{"start":{"line":12,"column":9},"end":{"line":12,"column":29}},"loc":{"start":{"line":12,"column":9},"end":{"line":12,"column":31}}},"17":{"name":"(anonymous_17)","decl":{"start":{"line":12,"column":31},"end":{"line":12,"column":47}},"loc":{"start":{"line":12,"column":31},"end":{"line":12,"column":114}}},"18":{"name":"(anonymous_18)","decl":{"start":{"line":13,"column":9},"end":{"line":13,"column":22}},"loc":{"start":{"line":13,"column":9},"end":{"line":13,"column":24}}},"19":{"name":"(anonymous_19)","decl":{"start":{"line":13,"column":24},"end":{"line":13,"column":33}},"loc":{"start":{"line":13,"column":24},"end":{"line":13,"column":86}}},"20":{"name":"(anonymous_20)","decl":{"start":{"line":14,"column":9},"end":{"line":14,"column":21}},"loc":{"start":{"line":14,"column":9},"end":{"line":14,"column":23}}},"21":{"name":"(anonymous_21)","decl":{"start":{"line":14,"column":23},"end":{"line":14,"column":31}},"loc":{"start":{"line":14,"column":23},"end":{"line":14,"column":53}}},"22":{"name":"(anonymous_22)","decl":{"start":{"line":14,"column":53},"end":{"line":14,"column":65}},"loc":{"start":{"line":14,"column":53},"end":{"line":14,"column":67}}},"23":{"name":"(anonymous_23)","decl":{"start":{"line":14,"column":67},"end":{"line":14,"column":75}},"loc":{"start":{"line":14,"column":67},"end":{"line":14,"column":126}}},"24":{"name":"(anonymous_24)","decl":{"start":{"line":15,"column":9},"end":{"line":15,"column":15}},"loc":{"start":{"line":15,"column":9},"end":{"line":15,"column":17}}},"25":{"name":"(anonymous_25)","decl":{"start":{"line":15,"column":17},"end":{"line":15,"column":19}},"loc":{"start":{"line":15,"column":17},"end":{"line":15,"column":58}}},"26":{"name":"(anonymous_26)","decl":{"start":{"line":16,"column":9},"end":{"line":16,"column":15}},"loc":{"start":{"line":16,"column":9},"end":{"line":16,"column":17}}},"27":{"name":"(anonymous_27)","decl":{"start":{"line":16,"column":17},"end":{"line":16,"column":27}},"loc":{"start":{"line":16,"column":17},"end":{"line":16,"column":74}}},"28":{"name":"(anonymous_28)","decl":{"start":{"line":17,"column":9},"end":{"line":17,"column":16}},"loc":{"start":{"line":17,"column":9},"end":{"line":17,"column":18}}},"29":{"name":"(anonymous_29)","decl":{"start":{"line":17,"column":18},"end":{"line":17,"column":29}},"loc":{"start":{"line":17,"column":18},"end":{"line":17,"column":78}}},"30":{"name":"(anonymous_30)","decl":{"start":{"line":18,"column":9},"end":{"line":18,"column":12}},"loc":{"start":{"line":18,"column":9},"end":{"line":18,"column":53}}},"31":{"name":"(anonymous_31)","decl":{"start":{"line":19,"column":9},"end":{"line":19,"column":21}},"loc":{"start":{"line":19,"column":9},"end":{"line":19,"column":23}}},"32":{"name":"(anonymous_32)","decl":{"start":{"line":19,"column":23},"end":{"line":19,"column":31}},"loc":{"start":{"line":19,"column":23},"end":{"line":19,"column":62}}},"33":{"name":"(anonymous_33)","decl":{"start":{"line":20,"column":9},"end":{"line":20,"column":28}},"loc":{"start":{"line":20,"column":9},"end":{"line":20,"column":30}}},"34":{"name":"(anonymous_34)","decl":{"start":{"line":20,"column":30},"end":{"line":20,"column":45}},"loc":{"start":{"line":20,"column":30},"end":{"line":20,"column":83}}},"35":{"name":"(anonymous_35)","decl":{"start":{"line":21,"column":9},"end":{"line":21,"column":11}},"loc":{"start":{"line":21,"column":9},"end":{"line":21,"column":27}}},"36":{"name":"(anonymous_36)","decl":{"start":{"line":21,"column":27},"end":{"line":21,"column":33}},"loc":{"start":{"line":21,"column":27},"end":{"line":21,"column":35}}},"37":{"name":"(anonymous_37)","decl":{"start":{"line":21,"column":35},"end":{"line":21,"column":39}},"loc":{"start":{"line":21,"column":35},"end":{"line":21,"column":80}}},"38":{"name":"(anonymous_38)","decl":{"start":{"line":22,"column":9},"end":{"line":22,"column":22}},"loc":{"start":{"line":22,"column":9},"end":{"line":22,"column":24}}},"39":{"name":"(anonymous_39)","decl":{"start":{"line":22,"column":24},"end":{"line":22,"column":33}},"loc":{"start":{"line":22,"column":24},"end":{"line":22,"column":86}}},"40":{"name":"(anonymous_40)","decl":{"start":{"line":23,"column":9},"end":{"line":23,"column":18}},"loc":{"start":{"line":23,"column":9},"end":{"line":23,"column":20}}},"41":{"name":"(anonymous_41)","decl":{"start":{"line":23,"column":20},"end":{"line":23,"column":33}},"loc":{"start":{"line":23,"column":20},"end":{"line":23,"column":86}}},"42":{"name":"(anonymous_42)","decl":{"start":{"line":24,"column":9},"end":{"line":24,"column":17}},"loc":{"start":{"line":24,"column":9},"end":{"line":24,"column":68}}},"43":{"name":"(anonymous_43)","decl":{"start":{"line":25,"column":9},"end":{"line":25,"column":15}},"loc":{"start":{"line":25,"column":9},"end":{"line":25,"column":17}}},"44":{"name":"(anonymous_44)","decl":{"start":{"line":25,"column":17},"end":{"line":25,"column":19}},"loc":{"start":{"line":25,"column":17},"end":{"line":25,"column":58}}},"45":{"name":"(anonymous_45)","decl":{"start":{"line":26,"column":9},"end":{"line":26,"column":17}},"loc":{"start":{"line":26,"column":9},"end":{"line":26,"column":68}}},"46":{"name":"(anonymous_46)","decl":{"start":{"line":27,"column":9},"end":{"line":27,"column":18}},"loc":{"start":{"line":27,"column":9},"end":{"line":27,"column":20}}},"47":{"name":"(anonymous_47)","decl":{"start":{"line":27,"column":20},"end":{"line":27,"column":25}},"loc":{"start":{"line":27,"column":20},"end":{"line":27,"column":44}}},"48":{"name":"(anonymous_48)","decl":{"start":{"line":27,"column":44},"end":{"line":27,"column":56}},"loc":{"start":{"line":27,"column":44},"end":{"line":27,"column":82}}},"49":{"name":"(anonymous_49)","decl":{"start":{"line":27,"column":82},"end":{"line":27,"column":92}},"loc":{"start":{"line":27,"column":82},"end":{"line":27,"column":116}}},"50":{"name":"(anonymous_50)","decl":{"start":{"line":27,"column":116},"end":{"line":27,"column":130}},"loc":{"start":{"line":27,"column":116},"end":{"line":27,"column":158}}},"51":{"name":"(anonymous_51)","decl":{"start":{"line":27,"column":158},"end":{"line":27,"column":172}},"loc":{"start":{"line":27,"column":158},"end":{"line":27,"column":226}}},"52":{"name":"(anonymous_52)","decl":{"start":{"line":28,"column":9},"end":{"line":28,"column":19}},"loc":{"start":{"line":28,"column":9},"end":{"line":28,"column":21}}},"53":{"name":"(anonymous_53)","decl":{"start":{"line":28,"column":21},"end":{"line":28,"column":27}},"loc":{"start":{"line":28,"column":21},"end":{"line":28,"column":74}}},"54":{"name":"(anonymous_54)","decl":{"start":{"line":29,"column":9},"end":{"line":29,"column":21}},"loc":{"start":{"line":29,"column":9},"end":{"line":29,"column":23}}},"55":{"name":"(anonymous_55)","decl":{"start":{"line":29,"column":23},"end":{"line":29,"column":31}},"loc":{"start":{"line":29,"column":23},"end":{"line":29,"column":82}}},"56":{"name":"(anonymous_56)","decl":{"start":{"line":30,"column":9},"end":{"line":30,"column":19}},"loc":{"start":{"line":30,"column":9},"end":{"line":30,"column":21}}},"57":{"name":"(anonymous_57)","decl":{"start":{"line":30,"column":21},"end":{"line":30,"column":27}},"loc":{"start":{"line":30,"column":21},"end":{"line":30,"column":47}}},"58":{"name":"(anonymous_58)","decl":{"start":{"line":30,"column":47},"end":{"line":30,"column":58}},"loc":{"start":{"line":30,"column":47},"end":{"line":30,"column":107}}},"59":{"name":"(anonymous_59)","decl":{"start":{"line":31,"column":9},"end":{"line":31,"column":17}},"loc":{"start":{"line":31,"column":9},"end":{"line":31,"column":19}}},"60":{"name":"(anonymous_60)","decl":{"start":{"line":31,"column":19},"end":{"line":31,"column":23}},"loc":{"start":{"line":31,"column":19},"end":{"line":31,"column":66}}},"61":{"name":"(anonymous_61)","decl":{"start":{"line":32,"column":9},"end":{"line":32,"column":17}},"loc":{"start":{"line":32,"column":9},"end":{"line":32,"column":19}}},"62":{"name":"(anonymous_62)","decl":{"start":{"line":32,"column":19},"end":{"line":32,"column":23}},"loc":{"start":{"line":32,"column":19},"end":{"line":32,"column":66}}},"63":{"name":"(anonymous_63)","decl":{"start":{"line":33,"column":9},"end":{"line":33,"column":24}},"loc":{"start":{"line":33,"column":9},"end":{"line":33,"column":26}}},"64":{"name":"(anonymous_64)","decl":{"start":{"line":33,"column":26},"end":{"line":33,"column":37}},"loc":{"start":{"line":33,"column":26},"end":{"line":33,"column":94}}}},"branchMap":{},"s":{"0":11,"1":11,"2":12,"3":11,"4":36,"5":11,"6":11,"7":37,"8":11,"9":11,"10":11,"11":11,"12":11,"13":11,"14":11,"15":11,"16":11,"17":11,"18":11,"19":11,"20":11,"21":11,"22":11,"23":11,"24":11,"25":11,"26":11,"27":11,"28":11,"29":11,"30":11,"31":11,"32":11,"33":11,"34":11,"35":11,"36":11,"37":11,"38":11,"39":13,"40":11,"41":11,"42":13,"43":11,"44":11,"45":15,"46":11,"47":11,"48":11,"49":11,"50":11,"51":11,"52":11,"53":13,"54":12,"55":15,"56":11,"57":11,"58":14,"59":11,"60":11,"61":11,"62":11,"63":11,"64":11,"65":11,"66":11,"67":11,"68":11,"69":11,"70":11,"71":12,"72":12,"73":11,"74":12,"75":12,"76":11,"77":11,"78":11,"79":11,"80":11,"81":11,"82":11,"83":11,"84":11,"85":13,"86":11,"87":11,"88":12,"89":11,"90":11,"91":11,"92":11,"93":11,"94":14},"f":{"0":0,"1":1,"2":25,"3":0,"4":26,"5":0,"6":0,"7":0,"8":0,"9":0,"10":0,"11":0,"12":0,"13":0,"14":0,"15":0,"16":0,"17":0,"18":0,"19":0,"20":0,"21":0,"22":0,"23":0,"24":0,"25":0,"26":2,"27":0,"28":2,"29":0,"30":4,"31":0,"32":0,"33":0,"34":0,"35":2,"36":1,"37":4,"38":0,"39":3,"40":0,"41":0,"42":0,"43":0,"44":0,"45":0,"46":0,"47":1,"48":1,"49":0,"50":1,"51":1,"52":0,"53":0,"54":0,"55":0,"56":0,"57":0,"58":2,"59":0,"60":1,"61":0,"62":0,"63":0,"64":3},"b":{}}
,"/Users/franco/projects/tempots/dom/src/prop.ts": {"path":"/Users/franco/projects/tempots/dom/src/prop.ts","statementMap":{"0":{"start":{"line":3,"column":18},"end":{"line":3,"column":36}},"1":{"start":{"line":4,"column":16},"end":{"line":4,"column":32}},"2":{"start":{"line":10,"column":4},"end":{"line":10,"column":null}},"3":{"start":{"line":14,"column":4},"end":{"line":14,"column":null}},"4":{"start":{"line":18,"column":4},"end":{"line":18,"column":null}},"5":{"start":{"line":22,"column":14},"end":{"line":22,"column":28}},"6":{"start":{"line":23,"column":4},"end":{"line":23,"column":null}},"7":{"start":{"line":34,"column":6},"end":{"line":34,"column":null}},"8":{"start":{"line":34,"column":33},"end":{"line":34,"column":44}},"9":{"start":{"line":36,"column":17},"end":{"line":36,"column":50}},"10":{"start":{"line":37,"column":4},"end":{"line":41,"column":null}},"11":{"start":{"line":38,"column":6},"end":{"line":40,"column":null}},"12":{"start":{"line":39,"column":8},"end":{"line":39,"column":null}},"13":{"start":{"line":42,"column":4},"end":{"line":42,"column":null}},"14":{"start":{"line":45,"column":32},"end":{"line":45,"column":36}},"15":{"start":{"line":47,"column":61},"end":{"line":47,"column":63}},"16":{"start":{"line":48,"column":25},"end":{"line":48,"column":34}},"17":{"start":{"line":49,"column":17},"end":{"line":51,"column":3}},"18":{"start":{"line":50,"column":4},"end":{"line":50,"column":null}},"19":{"start":{"line":53,"column":23},"end":{"line":59,"column":3}},"20":{"start":{"line":54,"column":4},"end":{"line":54,"column":null}},"21":{"start":{"line":55,"column":4},"end":{"line":58,"column":null}},"22":{"start":{"line":56,"column":20},"end":{"line":56,"column":53}},"23":{"start":{"line":57,"column":6},"end":{"line":57,"column":null}},"24":{"start":{"line":57,"column":24},"end":{"line":57,"column":58}},"25":{"start":{"line":61,"column":17},"end":{"line":65,"column":3}},"26":{"start":{"line":62,"column":17},"end":{"line":62,"column":41}},"27":{"start":{"line":63,"column":4},"end":{"line":63,"column":null}},"28":{"start":{"line":63,"column":30},"end":{"line":63,"column":49}},"29":{"start":{"line":64,"column":4},"end":{"line":64,"column":null}},"30":{"start":{"line":67,"column":21},"end":{"line":76,"column":3}},"31":{"start":{"line":68,"column":17},"end":{"line":68,"column":31}},"32":{"start":{"line":69,"column":17},"end":{"line":69,"column":39}},"33":{"start":{"line":70,"column":4},"end":{"line":74,"column":null}},"34":{"start":{"line":71,"column":6},"end":{"line":71,"column":null}},"35":{"start":{"line":72,"column":6},"end":{"line":72,"column":null}},"36":{"start":{"line":73,"column":6},"end":{"line":73,"column":null}},"37":{"start":{"line":73,"column":34},"end":{"line":73,"column":50}},"38":{"start":{"line":75,"column":4},"end":{"line":75,"column":null}},"39":{"start":{"line":78,"column":17},"end":{"line":82,"column":3}},"40":{"start":{"line":79,"column":4},"end":{"line":79,"column":null}},"41":{"start":{"line":80,"column":4},"end":{"line":80,"column":null}},"42":{"start":{"line":81,"column":4},"end":{"line":81,"column":null}},"43":{"start":{"line":84,"column":16},"end":{"line":86,"column":3}},"44":{"start":{"line":85,"column":4},"end":{"line":85,"column":null}},"45":{"start":{"line":85,"column":29},"end":{"line":85,"column":39}},"46":{"start":{"line":88,"column":20},"end":{"line":96,"column":3}},"47":{"start":{"line":89,"column":17},"end":{"line":89,"column":38}},"48":{"start":{"line":90,"column":4},"end":{"line":94,"column":null}},"49":{"start":{"line":91,"column":6},"end":{"line":93,"column":null}},"50":{"start":{"line":92,"column":8},"end":{"line":92,"column":null}},"51":{"start":{"line":95,"column":4},"end":{"line":95,"column":null}},"52":{"start":{"line":98,"column":22},"end":{"line":105,"column":3}},"53":{"start":{"line":99,"column":20},"end":{"line":99,"column":31}},"54":{"start":{"line":100,"column":4},"end":{"line":104,"column":null}},"55":{"start":{"line":101,"column":21},"end":{"line":101,"column":48}},"56":{"start":{"line":102,"column":6},"end":{"line":102,"column":null}},"57":{"start":{"line":103,"column":6},"end":{"line":103,"column":null}},"58":{"start":{"line":107,"column":22},"end":{"line":128,"column":3}},"59":{"start":{"line":108,"column":18},"end":{"line":108,"column":19}},"60":{"start":{"line":109,"column":17},"end":{"line":109,"column":30}},"61":{"start":{"line":110,"column":4},"end":{"line":116,"column":null}},"62":{"start":{"line":112,"column":8},"end":{"line":112,"column":null}},"63":{"start":{"line":112,"column":27},"end":{"line":112,"column":null}},"64":{"start":{"line":115,"column":8},"end":{"line":115,"column":null}},"65":{"start":{"line":117,"column":4},"end":{"line":126,"column":null}},"66":{"start":{"line":118,"column":27},"end":{"line":118,"column":36}},"67":{"start":{"line":119,"column":6},"end":{"line":125,"column":null}},"68":{"start":{"line":121,"column":10},"end":{"line":121,"column":null}},"69":{"start":{"line":121,"column":42},"end":{"line":121,"column":59}},"70":{"start":{"line":124,"column":10},"end":{"line":124,"column":null}},"71":{"start":{"line":127,"column":4},"end":{"line":127,"column":null}},"72":{"start":{"line":130,"column":22},"end":{"line":137,"column":3}},"73":{"start":{"line":131,"column":17},"end":{"line":131,"column":48}},"74":{"start":{"line":132,"column":4},"end":{"line":135,"column":null}},"75":{"start":{"line":133,"column":23},"end":{"line":133,"column":31}},"76":{"start":{"line":134,"column":6},"end":{"line":134,"column":null}},"77":{"start":{"line":134,"column":28},"end":{"line":134,"column":null}},"78":{"start":{"line":136,"column":4},"end":{"line":136,"column":null}},"79":{"start":{"line":139,"column":21},"end":{"line":144,"column":3}},"80":{"start":{"line":140,"column":17},"end":{"line":140,"column":54}},"81":{"start":{"line":141,"column":4},"end":{"line":141,"column":null}},"82":{"start":{"line":141,"column":30},"end":{"line":141,"column":62}},"83":{"start":{"line":142,"column":4},"end":{"line":142,"column":null}},"84":{"start":{"line":142,"column":31},"end":{"line":142,"column":63}},"85":{"start":{"line":143,"column":4},"end":{"line":143,"column":null}},"86":{"start":{"line":146,"column":18},"end":{"line":149,"column":3}},"87":{"start":{"line":147,"column":4},"end":{"line":147,"column":null}},"88":{"start":{"line":147,"column":30},"end":{"line":147,"column":46}},"89":{"start":{"line":148,"column":4},"end":{"line":148,"column":null}},"90":{"start":{"line":151,"column":24},"end":{"line":153,"column":3}},"91":{"start":{"line":152,"column":4},"end":{"line":152,"column":null}},"92":{"start":{"line":155,"column":19},"end":{"line":157,"column":3}},"93":{"start":{"line":156,"column":4},"end":{"line":156,"column":null}},"94":{"start":{"line":159,"column":19},"end":{"line":162,"column":3}},"95":{"start":{"line":160,"column":16},"end":{"line":160,"column":17}},"96":{"start":{"line":161,"column":4},"end":{"line":161,"column":null}},"97":{"start":{"line":161,"column":26},"end":{"line":161,"column":33}},"98":{"start":{"line":164,"column":21},"end":{"line":198,"column":3}},"99":{"start":{"line":164,"column":161},"end":{"line":164,"column":162}},"100":{"start":{"line":165,"column":21},"end":{"line":165,"column":47}},"101":{"start":{"line":166,"column":19},"end":{"line":166,"column":29}},"102":{"start":{"line":167,"column":17},"end":{"line":167,"column":37}},"103":{"start":{"line":168,"column":20},"end":{"line":168,"column":21}},"104":{"start":{"line":169,"column":18},"end":{"line":169,"column":19}},"105":{"start":{"line":170,"column":40},"end":{"line":170,"column":44}},"106":{"start":{"line":171,"column":20},"end":{"line":184,"column":5}},"107":{"start":{"line":172,"column":6},"end":{"line":175,"column":null}},"108":{"start":{"line":173,"column":8},"end":{"line":173,"column":null}},"109":{"start":{"line":174,"column":8},"end":{"line":174,"column":14}},"110":{"start":{"line":176,"column":6},"end":{"line":183,"column":null}},"111":{"start":{"line":177,"column":22},"end":{"line":177,"column":64}},"112":{"start":{"line":178,"column":8},"end":{"line":178,"column":null}},"113":{"start":{"line":179,"column":8},"end":{"line":179,"column":null}},"114":{"start":{"line":181,"column":8},"end":{"line":181,"column":null}},"115":{"start":{"line":182,"column":8},"end":{"line":182,"column":null}},"116":{"start":{"line":185,"column":4},"end":{"line":196,"column":null}},"117":{"start":{"line":186,"column":6},"end":{"line":186,"column":null}},"118":{"start":{"line":186,"column":34},"end":{"line":186,"column":null}},"119":{"start":{"line":187,"column":6},"end":{"line":190,"column":null}},"120":{"start":{"line":188,"column":8},"end":{"line":188,"column":null}},"121":{"start":{"line":189,"column":8},"end":{"line":189,"column":14}},"122":{"start":{"line":191,"column":6},"end":{"line":191,"column":null}},"123":{"start":{"line":192,"column":6},"end":{"line":192,"column":null}},"124":{"start":{"line":193,"column":6},"end":{"line":193,"column":null}},"125":{"start":{"line":194,"column":6},"end":{"line":194,"column":null}},"126":{"start":{"line":195,"column":6},"end":{"line":195,"column":null}},"127":{"start":{"line":197,"column":4},"end":{"line":197,"column":null}},"128":{"start":{"line":8,"column":0},"end":{"line":8,"column":13}},"129":{"start":{"line":203,"column":14},"end":{"line":203,"column":26}},"130":{"start":{"line":204,"column":4},"end":{"line":204,"column":null}},"131":{"start":{"line":209,"column":4},"end":{"line":209,"column":null}},"132":{"start":{"line":213,"column":25},"end":{"line":213,"column":43}},"133":{"start":{"line":214,"column":17},"end":{"line":214,"column":93}},"134":{"start":{"line":215,"column":4},"end":{"line":217,"column":null}},"135":{"start":{"line":216,"column":6},"end":{"line":216,"column":null}},"136":{"start":{"line":218,"column":4},"end":{"line":218,"column":null}},"137":{"start":{"line":222,"column":4},"end":{"line":222,"column":null}},"138":{"start":{"line":226,"column":4},"end":{"line":226,"column":null}},"139":{"start":{"line":229,"column":30},"end":{"line":229,"column":34}},"140":{"start":{"line":231,"column":17},"end":{"line":235,"column":3}},"141":{"start":{"line":232,"column":4},"end":{"line":232,"column":37}},"142":{"start":{"line":232,"column":31},"end":{"line":232,"column":37}},"143":{"start":{"line":233,"column":4},"end":{"line":233,"column":null}},"144":{"start":{"line":234,"column":4},"end":{"line":234,"column":null}},"145":{"start":{"line":234,"column":42},"end":{"line":234,"column":58}},"146":{"start":{"line":237,"column":20},"end":{"line":239,"column":3}},"147":{"start":{"line":238,"column":4},"end":{"line":238,"column":null}},"148":{"start":{"line":241,"column":20},"end":{"line":246,"column":3}},"149":{"start":{"line":242,"column":4},"end":{"line":245,"column":null}},"150":{"start":{"line":243,"column":15},"end":{"line":243,"column":25}},"151":{"start":{"line":244,"column":16},"end":{"line":244,"column":48}},"152":{"start":{"line":248,"column":21},"end":{"line":252,"column":3}},"153":{"start":{"line":249,"column":4},"end":{"line":251,"column":null}},"154":{"start":{"line":250,"column":6},"end":{"line":250,"column":null}},"155":{"start":{"line":254,"column":17},"end":{"line":259,"column":3}},"156":{"start":{"line":255,"column":17},"end":{"line":255,"column":43}},"157":{"start":{"line":256,"column":4},"end":{"line":256,"column":null}},"158":{"start":{"line":256,"column":30},"end":{"line":256,"column":51}},"159":{"start":{"line":257,"column":4},"end":{"line":257,"column":null}},"160":{"start":{"line":257,"column":30},"end":{"line":257,"column":55}},"161":{"start":{"line":258,"column":4},"end":{"line":258,"column":null}},"162":{"start":{"line":201,"column":0},"end":{"line":201,"column":13}}},"fnMap":{"0":{"name":"(anonymous_0)","decl":{"start":{"line":9,"column":2},"end":{"line":9,"column":8}},"loc":{"start":{"line":9,"column":23},"end":{"line":11,"column":3}}},"1":{"name":"(anonymous_1)","decl":{"start":{"line":13,"column":2},"end":{"line":13,"column":8}},"loc":{"start":{"line":13,"column":54},"end":{"line":15,"column":3}}},"2":{"name":"(anonymous_2)","decl":{"start":{"line":17,"column":2},"end":{"line":17,"column":8}},"loc":{"start":{"line":17,"column":37},"end":{"line":19,"column":3}}},"3":{"name":"(anonymous_3)","decl":{"start":{"line":21,"column":2},"end":{"line":21,"column":8}},"loc":{"start":{"line":21,"column":41},"end":{"line":24,"column":3}}},"4":{"name":"(anonymous_4)","decl":{"start":{"line":29,"column":2},"end":{"line":29,"column":8}},"loc":{"start":{"line":31,"column":29},"end":{"line":43,"column":3}}},"5":{"name":"getValues","decl":{"start":{"line":33,"column":13},"end":{"line":33,"column":22}},"loc":{"start":{"line":33,"column":52},"end":{"line":35,"column":5}}},"6":{"name":"(anonymous_6)","decl":{"start":{"line":34,"column":24},"end":{"line":34,"column":29}},"loc":{"start":{"line":34,"column":33},"end":{"line":34,"column":44}}},"7":{"name":"(anonymous_7)","decl":{"start":{"line":37,"column":19},"end":{"line":37,"column":20}},"loc":{"start":{"line":37,"column":44},"end":{"line":41,"column":5}}},"8":{"name":"(anonymous_8)","decl":{"start":{"line":38,"column":22},"end":{"line":38,"column":25}},"loc":{"start":{"line":38,"column":27},"end":{"line":40,"column":7}}},"9":{"name":"(anonymous_9)","decl":{"start":{"line":48,"column":2},"end":{"line":48,"column":25}},"loc":{"start":{"line":48,"column":34},"end":{"line":48,"column":39}}},"10":{"name":"(anonymous_10)","decl":{"start":{"line":49,"column":17},"end":{"line":49,"column":23}},"loc":{"start":{"line":49,"column":25},"end":{"line":51,"column":3}}},"11":{"name":"(anonymous_11)","decl":{"start":{"line":53,"column":23},"end":{"line":53,"column":24}},"loc":{"start":{"line":53,"column":68},"end":{"line":59,"column":3}}},"12":{"name":"(anonymous_12)","decl":{"start":{"line":55,"column":11},"end":{"line":55,"column":14}},"loc":{"start":{"line":55,"column":16},"end":{"line":58,"column":5}}},"13":{"name":"(anonymous_13)","decl":{"start":{"line":61,"column":17},"end":{"line":61,"column":21}},"loc":{"start":{"line":61,"column":54},"end":{"line":65,"column":3}}},"14":{"name":"(anonymous_14)","decl":{"start":{"line":63,"column":19},"end":{"line":63,"column":24}},"loc":{"start":{"line":63,"column":27},"end":{"line":63,"column":50}}},"15":{"name":"(anonymous_15)","decl":{"start":{"line":67,"column":21},"end":{"line":67,"column":25}},"loc":{"start":{"line":67,"column":66},"end":{"line":76,"column":3}}},"16":{"name":"(anonymous_16)","decl":{"start":{"line":70,"column":19},"end":{"line":70,"column":24}},"loc":{"start":{"line":70,"column":27},"end":{"line":74,"column":5}}},"17":{"name":"(anonymous_17)","decl":{"start":{"line":73,"column":23},"end":{"line":73,"column":28}},"loc":{"start":{"line":73,"column":31},"end":{"line":73,"column":51}}},"18":{"name":"(anonymous_18)","decl":{"start":{"line":78,"column":17},"end":{"line":78,"column":18}},"loc":{"start":{"line":78,"column":49},"end":{"line":82,"column":3}}},"19":{"name":"(anonymous_19)","decl":{"start":{"line":84,"column":16},"end":{"line":84,"column":36}},"loc":{"start":{"line":84,"column":60},"end":{"line":86,"column":3}}},"20":{"name":"(anonymous_20)","decl":{"start":{"line":85,"column":20},"end":{"line":85,"column":25}},"loc":{"start":{"line":85,"column":29},"end":{"line":85,"column":39}}},"21":{"name":"(anonymous_21)","decl":{"start":{"line":88,"column":20},"end":{"line":88,"column":21}},"loc":{"start":{"line":88,"column":68},"end":{"line":96,"column":3}}},"22":{"name":"(anonymous_22)","decl":{"start":{"line":90,"column":19},"end":{"line":90,"column":24}},"loc":{"start":{"line":90,"column":27},"end":{"line":94,"column":5}}},"23":{"name":"(anonymous_23)","decl":{"start":{"line":98,"column":22},"end":{"line":98,"column":23}},"loc":{"start":{"line":98,"column":71},"end":{"line":105,"column":3}}},"24":{"name":"(anonymous_24)","decl":{"start":{"line":100,"column":23},"end":{"line":100,"column":28}},"loc":{"start":{"line":100,"column":31},"end":{"line":104,"column":5}}},"25":{"name":"(anonymous_25)","decl":{"start":{"line":107,"column":22},"end":{"line":107,"column":26}},"loc":{"start":{"line":107,"column":76},"end":{"line":128,"column":3}}},"26":{"name":"(anonymous_26)","decl":{"start":{"line":111,"column":12},"end":{"line":111,"column":17}},"loc":{"start":{"line":111,"column":20},"end":{"line":113,"column":7}}},"27":{"name":"(anonymous_27)","decl":{"start":{"line":114,"column":13},"end":{"line":114,"column":14}},"loc":{"start":{"line":114,"column":17},"end":{"line":116,"column":7}}},"28":{"name":"(anonymous_28)","decl":{"start":{"line":117,"column":19},"end":{"line":117,"column":24}},"loc":{"start":{"line":117,"column":27},"end":{"line":126,"column":5}}},"29":{"name":"(anonymous_29)","decl":{"start":{"line":120,"column":14},"end":{"line":120,"column":19}},"loc":{"start":{"line":120,"column":22},"end":{"line":122,"column":9}}},"30":{"name":"(anonymous_30)","decl":{"start":{"line":123,"column":15},"end":{"line":123,"column":16}},"loc":{"start":{"line":123,"column":19},"end":{"line":125,"column":9}}},"31":{"name":"(anonymous_31)","decl":{"start":{"line":130,"column":22},"end":{"line":130,"column":26}},"loc":{"start":{"line":130,"column":86},"end":{"line":137,"column":3}}},"32":{"name":"(anonymous_32)","decl":{"start":{"line":132,"column":19},"end":{"line":132,"column":24}},"loc":{"start":{"line":132,"column":27},"end":{"line":135,"column":5}}},"33":{"name":"(anonymous_33)","decl":{"start":{"line":139,"column":21},"end":{"line":139,"column":28}},"loc":{"start":{"line":139,"column":81},"end":{"line":144,"column":3}}},"34":{"name":"(anonymous_34)","decl":{"start":{"line":141,"column":19},"end":{"line":141,"column":24}},"loc":{"start":{"line":141,"column":27},"end":{"line":141,"column":63}}},"35":{"name":"(anonymous_35)","decl":{"start":{"line":142,"column":20},"end":{"line":142,"column":25}},"loc":{"start":{"line":142,"column":28},"end":{"line":142,"column":64}}},"36":{"name":"(anonymous_36)","decl":{"start":{"line":146,"column":18},"end":{"line":146,"column":19}},"loc":{"start":{"line":146,"column":45},"end":{"line":149,"column":3}}},"37":{"name":"(anonymous_37)","decl":{"start":{"line":147,"column":19},"end":{"line":147,"column":24}},"loc":{"start":{"line":147,"column":27},"end":{"line":147,"column":47}}},"38":{"name":"(anonymous_38)","decl":{"start":{"line":151,"column":24},"end":{"line":151,"column":36}},"loc":{"start":{"line":151,"column":38},"end":{"line":153,"column":3}}},"39":{"name":"(anonymous_39)","decl":{"start":{"line":155,"column":19},"end":{"line":155,"column":28}},"loc":{"start":{"line":155,"column":30},"end":{"line":157,"column":3}}},"40":{"name":"(anonymous_40)","decl":{"start":{"line":159,"column":19},"end":{"line":159,"column":38}},"loc":{"start":{"line":159,"column":40},"end":{"line":162,"column":3}}},"41":{"name":"(anonymous_41)","decl":{"start":{"line":161,"column":20},"end":{"line":161,"column":23}},"loc":{"start":{"line":161,"column":26},"end":{"line":161,"column":33}}},"42":{"name":"(anonymous_42)","decl":{"start":{"line":164,"column":21},"end":{"line":164,"column":22}},"loc":{"start":{"line":164,"column":177},"end":{"line":198,"column":3}}},"43":{"name":"(anonymous_43)","decl":{"start":{"line":164,"column":156},"end":{"line":164,"column":157}},"loc":{"start":{"line":164,"column":161},"end":{"line":164,"column":162}}},"44":{"name":"(anonymous_44)","decl":{"start":{"line":171,"column":20},"end":{"line":171,"column":21}},"loc":{"start":{"line":171,"column":43},"end":{"line":184,"column":5}}},"45":{"name":"(anonymous_45)","decl":{"start":{"line":185,"column":19},"end":{"line":185,"column":24}},"loc":{"start":{"line":185,"column":27},"end":{"line":196,"column":5}}},"46":{"name":"(anonymous_46)","decl":{"start":{"line":202,"column":2},"end":{"line":202,"column":8}},"loc":{"start":{"line":202,"column":39},"end":{"line":206,"column":3}}},"47":{"name":"(anonymous_47)","decl":{"start":{"line":208,"column":2},"end":{"line":208,"column":8}},"loc":{"start":{"line":208,"column":32},"end":{"line":210,"column":3}}},"48":{"name":"(anonymous_48)","decl":{"start":{"line":212,"column":2},"end":{"line":212,"column":8}},"loc":{"start":{"line":212,"column":238},"end":{"line":219,"column":3}}},"49":{"name":"(anonymous_49)","decl":{"start":{"line":215,"column":19},"end":{"line":215,"column":20}},"loc":{"start":{"line":215,"column":29},"end":{"line":217,"column":5}}},"50":{"name":"(anonymous_50)","decl":{"start":{"line":221,"column":2},"end":{"line":221,"column":8}},"loc":{"start":{"line":221,"column":144},"end":{"line":223,"column":3}}},"51":{"name":"(anonymous_51)","decl":{"start":{"line":225,"column":2},"end":{"line":225,"column":8}},"loc":{"start":{"line":225,"column":146},"end":{"line":227,"column":3}}},"52":{"name":"(anonymous_52)","decl":{"start":{"line":231,"column":17},"end":{"line":231,"column":18}},"loc":{"start":{"line":231,"column":36},"end":{"line":235,"column":3}}},"53":{"name":"(anonymous_53)","decl":{"start":{"line":234,"column":28},"end":{"line":234,"column":36}},"loc":{"start":{"line":234,"column":39},"end":{"line":234,"column":59}}},"54":{"name":"(anonymous_54)","decl":{"start":{"line":237,"column":20},"end":{"line":237,"column":21}},"loc":{"start":{"line":237,"column":49},"end":{"line":239,"column":3}}},"55":{"name":"(anonymous_55)","decl":{"start":{"line":241,"column":20},"end":{"line":241,"column":40}},"loc":{"start":{"line":241,"column":62},"end":{"line":246,"column":3}}},"56":{"name":"(anonymous_56)","decl":{"start":{"line":243,"column":6},"end":{"line":243,"column":11}},"loc":{"start":{"line":243,"column":15},"end":{"line":243,"column":25}}},"57":{"name":"(anonymous_57)","decl":{"start":{"line":244,"column":6},"end":{"line":244,"column":11}},"loc":{"start":{"line":244,"column":16},"end":{"line":244,"column":48}}},"58":{"name":"(anonymous_58)","decl":{"start":{"line":248,"column":21},"end":{"line":248,"column":25}},"loc":{"start":{"line":248,"column":58},"end":{"line":252,"column":3}}},"59":{"name":"(anonymous_59)","decl":{"start":{"line":249,"column":11},"end":{"line":249,"column":12}},"loc":{"start":{"line":249,"column":25},"end":{"line":251,"column":5}}},"60":{"name":"(anonymous_60)","decl":{"start":{"line":254,"column":17},"end":{"line":254,"column":21}},"loc":{"start":{"line":254,"column":80},"end":{"line":259,"column":3}}},"61":{"name":"(anonymous_61)","decl":{"start":{"line":256,"column":19},"end":{"line":256,"column":24}},"loc":{"start":{"line":256,"column":27},"end":{"line":256,"column":52}}},"62":{"name":"(anonymous_62)","decl":{"start":{"line":257,"column":19},"end":{"line":257,"column":24}},"loc":{"start":{"line":257,"column":27},"end":{"line":257,"column":56}}}},"branchMap":{"0":{"loc":{"start":{"line":14,"column":11},"end":{"line":14,"column":57}},"type":"cond-expr","locations":[{"start":{"line":14,"column":27},"end":{"line":14,"column":36}},{"start":{"line":14,"column":39},"end":{"line":14,"column":57}}]},"1":{"loc":{"start":{"line":18,"column":11},"end":{"line":18,"column":64}},"type":"cond-expr","locations":[{"start":{"line":18,"column":39},"end":{"line":18,"column":44}},{"start":{"line":18,"column":47},"end":{"line":18,"column":64}}]},"2":{"loc":{"start":{"line":23,"column":11},"end":{"line":23,"column":88}},"type":"binary-expr","locations":[{"start":{"line":23,"column":11},"end":{"line":23,"column":20}},{"start":{"line":23,"column":24},"end":{"line":23,"column":51}},{"start":{"line":23,"column":55},"end":{"line":23,"column":88}}]},"3":{"loc":{"start":{"line":57,"column":6},"end":{"line":57,"column":null}},"type":"if","locations":[{"start":{"line":57,"column":6},"end":{"line":57,"column":null}}]},"4":{"loc":{"start":{"line":91,"column":6},"end":{"line":93,"column":null}},"type":"if","locations":[{"start":{"line":91,"column":6},"end":{"line":93,"column":null}}]},"5":{"loc":{"start":{"line":112,"column":8},"end":{"line":112,"column":null}},"type":"if","locations":[{"start":{"line":112,"column":8},"end":{"line":112,"column":null}}]},"6":{"loc":{"start":{"line":121,"column":10},"end":{"line":121,"column":null}},"type":"if","locations":[{"start":{"line":121,"column":10},"end":{"line":121,"column":null}}]},"7":{"loc":{"start":{"line":131,"column":26},"end":{"line":131,"column":47}},"type":"binary-expr","locations":[{"start":{"line":131,"column":26},"end":{"line":131,"column":40}},{"start":{"line":131,"column":44},"end":{"line":131,"column":47}}]},"8":{"loc":{"start":{"line":134,"column":6},"end":{"line":134,"column":null}},"type":"if","locations":[{"start":{"line":134,"column":6},"end":{"line":134,"column":null}}]},"9":{"loc":{"start":{"line":164,"column":93},"end":{"line":164,"column":122}},"type":"default-arg","locations":[{"start":{"line":164,"column":118},"end":{"line":164,"column":122}}]},"10":{"loc":{"start":{"line":164,"column":124},"end":{"line":164,"column":162}},"type":"default-arg","locations":[{"start":{"line":164,"column":156},"end":{"line":164,"column":162}}]},"11":{"loc":{"start":{"line":165,"column":21},"end":{"line":165,"column":47}},"type":"binary-expr","locations":[{"start":{"line":165,"column":21},"end":{"line":165,"column":33}},{"start":{"line":165,"column":37},"end":{"line":165,"column":47}}]},"12":{"loc":{"start":{"line":172,"column":6},"end":{"line":175,"column":null}},"type":"if","locations":[{"start":{"line":172,"column":6},"end":{"line":175,"column":null}}]},"13":{"loc":{"start":{"line":176,"column":6},"end":{"line":183,"column":null}},"type":"if","locations":[{"start":{"line":176,"column":6},"end":{"line":183,"column":null}},{"start":{"line":180,"column":13},"end":{"line":183,"column":null}}]},"14":{"loc":{"start":{"line":186,"column":6},"end":{"line":186,"column":null}},"type":"if","locations":[{"start":{"line":186,"column":6},"end":{"line":186,"column":null}}]},"15":{"loc":{"start":{"line":187,"column":6},"end":{"line":190,"column":null}},"type":"if","locations":[{"start":{"line":187,"column":6},"end":{"line":190,"column":null}}]},"16":{"loc":{"start":{"line":204,"column":11},"end":{"line":204,"column":60}},"type":"binary-expr","locations":[{"start":{"line":204,"column":11},"end":{"line":204,"column":29}},{"start":{"line":204,"column":33},"end":{"line":204,"column":60}}]},"17":{"loc":{"start":{"line":212,"column":151},"end":{"line":212,"column":195}},"type":"default-arg","locations":[{"start":{"line":212,"column":181},"end":{"line":212,"column":195}}]},"18":{"loc":{"start":{"line":212,"column":197},"end":{"line":212,"column":238}},"type":"default-arg","locations":[{"start":{"line":212,"column":228},"end":{"line":212,"column":238}}]},"19":{"loc":{"start":{"line":214,"column":29},"end":{"line":214,"column":92}},"type":"cond-expr","locations":[{"start":{"line":214,"column":53},"end":{"line":214,"column":77}},{"start":{"line":214,"column":80},"end":{"line":214,"column":92}}]},"20":{"loc":{"start":{"line":221,"column":57},"end":{"line":221,"column":101}},"type":"default-arg","locations":[{"start":{"line":221,"column":87},"end":{"line":221,"column":101}}]},"21":{"loc":{"start":{"line":221,"column":103},"end":{"line":221,"column":144}},"type":"default-arg","locations":[{"start":{"line":221,"column":134},"end":{"line":221,"column":144}}]},"22":{"loc":{"start":{"line":225,"column":59},"end":{"line":225,"column":103}},"type":"default-arg","locations":[{"start":{"line":225,"column":89},"end":{"line":225,"column":103}}]},"23":{"loc":{"start":{"line":225,"column":105},"end":{"line":225,"column":146}},"type":"default-arg","locations":[{"start":{"line":225,"column":136},"end":{"line":225,"column":146}}]},"24":{"loc":{"start":{"line":232,"column":4},"end":{"line":232,"column":37}},"type":"if","locations":[{"start":{"line":232,"column":4},"end":{"line":232,"column":37}}]}},"s":{"0":12,"1":12,"2":0,"3":0,"4":0,"5":154,"6":154,"7":0,"8":0,"9":0,"10":0,"11":0,"12":0,"13":0,"14":232,"15":232,"16":232,"17":232,"18":245,"19":232,"20":231,"21":231,"22":88,"23":88,"24":87,"25":232,"26":39,"27":39,"28":64,"29":39,"30":232,"31":0,"32":0,"33":0,"34":0,"35":0,"36":0,"37":0,"38":0,"39":232,"40":0,"41":0,"42":0,"43":232,"44":2,"45":4,"46":232,"47":0,"48":0,"49":0,"50":0,"51":0,"52":232,"53":0,"54":0,"55":0,"56":0,"57":0,"58":232,"59":0,"60":0,"61":0,"62":0,"63":0,"64":0,"65":0,"66":0,"67":0,"68":0,"69":0,"70":0,"71":0,"72":232,"73":0,"74":0,"75":0,"76":0,"77":0,"78":0,"79":232,"80":42,"81":42,"82":93,"83":42,"84":23,"85":42,"86":232,"87":0,"88":0,"89":0,"90":232,"91":0,"92":232,"93":125,"94":232,"95":0,"96":0,"97":0,"98":232,"99":0,"100":0,"101":0,"102":0,"103":0,"104":0,"105":0,"106":0,"107":0,"108":0,"109":0,"110":0,"111":0,"112":0,"113":0,"114":0,"115":0,"116":0,"117":0,"118":0,"119":0,"120":0,"121":0,"122":0,"123":0,"124":0,"125":0,"126":0,"127":0,"128":12,"129":0,"130":0,"131":41,"132":0,"133":0,"134":0,"135":0,"136":0,"137":0,"138":0,"139":232,"140":232,"141":258,"142":48,"143":210,"144":210,"145":253,"146":232,"147":0,"148":232,"149":0,"150":0,"151":0,"152":232,"153":0,"154":0,"155":232,"156":0,"157":0,"158":0,"159":0,"160":0,"161":0,"162":12},"f":{"0":0,"1":0,"2":0,"3":154,"4":0,"5":0,"6":0,"7":0,"8":0,"9":232,"10":245,"11":231,"12":88,"13":39,"14":64,"15":0,"16":0,"17":0,"18":0,"19":2,"20":4,"21":0,"22":0,"23":0,"24":0,"25":0,"26":0,"27":0,"28":0,"29":0,"30":0,"31":0,"32":0,"33":42,"34":93,"35":23,"36":0,"37":0,"38":0,"39":125,"40":0,"41":0,"42":0,"43":0,"44":0,"45":0,"46":0,"47":41,"48":0,"49":0,"50":0,"51":0,"52":258,"53":253,"54":0,"55":0,"56":0,"57":0,"58":0,"59":0,"60":0,"61":0,"62":0},"b":{"0":[0,0],"1":[0,0],"2":[154,154,41],"3":[87],"4":[0],"5":[0],"6":[0],"7":[0,0],"8":[0],"9":[0],"10":[0],"11":[0,0],"12":[0],"13":[0,0],"14":[0],"15":[0],"16":[0,0],"17":[0],"18":[0],"19":[0,0],"20":[0],"21":[0],"22":[0],"23":[0],"24":[48]}}
,"/Users/franco/projects/tempots/dom/src/components/OneOf.ts": {"path":"/Users/franco/projects/tempots/dom/src/components/OneOf.ts","statementMap":{"0":{"start":{"line":1,"column":0},"end":{"line":1,"column":43}},"1":{"start":{"line":6,"column":0},"end":{"line":6,"column":47}},"2":{"start":{"line":10,"column":21},"end":{"line":10,"column":37}},"3":{"start":{"line":11,"column":21},"end":{"line":11,"column":null}},"4":{"start":{"line":15,"column":22},"end":{"line":45,"column":3}},"5":{"start":{"line":16,"column":17},"end":{"line":16,"column":33}},"6":{"start":{"line":17,"column":14},"end":{"line":17,"column":45}},"7":{"start":{"line":18,"column":18},"end":{"line":18,"column":27}},"8":{"start":{"line":19,"column":15},"end":{"line":19,"column":30}},"9":{"start":{"line":20,"column":17},"end":{"line":20,"column":36}},"10":{"start":{"line":21,"column":16},"end":{"line":21,"column":70}},"11":{"start":{"line":22,"column":19},"end":{"line":37,"column":6}},"12":{"start":{"line":23,"column":21},"end":{"line":23,"column":55}},"13":{"start":{"line":24,"column":23},"end":{"line":24,"column":38}},"14":{"start":{"line":25,"column":6},"end":{"line":36,"column":null}},"15":{"start":{"line":26,"column":8},"end":{"line":33,"column":null}},"16":{"start":{"line":27,"column":10},"end":{"line":27,"column":null}},"17":{"start":{"line":28,"column":10},"end":{"line":28,"column":null}},"18":{"start":{"line":29,"column":10},"end":{"line":29,"column":null}},"19":{"start":{"line":30,"column":10},"end":{"line":30,"column":null}},"20":{"start":{"line":31,"column":10},"end":{"line":31,"column":null}},"21":{"start":{"line":32,"column":10},"end":{"line":32,"column":null}},"22":{"start":{"line":35,"column":8},"end":{"line":35,"column":null}},"23":{"start":{"line":38,"column":4},"end":{"line":44,"column":null}},"24":{"start":{"line":39,"column":6},"end":{"line":43,"column":null}},"25":{"start":{"line":40,"column":8},"end":{"line":40,"column":null}},"26":{"start":{"line":41,"column":8},"end":{"line":41,"column":null}},"27":{"start":{"line":42,"column":8},"end":{"line":42,"column":null}},"28":{"start":{"line":8,"column":0},"end":{"line":8,"column":13}},"29":{"start":{"line":56,"column":2},"end":{"line":56,"column":null}},"30":{"start":{"line":55,"column":0},"end":{"line":55,"column":16}},"31":{"start":{"line":66,"column":30},"end":{"line":66,"column":35}},"32":{"start":{"line":67,"column":15},"end":{"line":67,"column":40}},"33":{"start":{"line":68,"column":14},"end":{"line":74,"column":62}},"34":{"start":{"line":71,"column":4},"end":{"line":71,"column":null}},"35":{"start":{"line":71,"column":19},"end":{"line":71,"column":27}},"36":{"start":{"line":72,"column":4},"end":{"line":72,"column":null}},"37":{"start":{"line":75,"column":2},"end":{"line":79,"column":null}},"38":{"start":{"line":77,"column":20},"end":{"line":77,"column":56}},"39":{"start":{"line":65,"column":0},"end":{"line":65,"column":16}},"40":{"start":{"line":90,"column":37},"end":{"line":90,"column":42}},"41":{"start":{"line":91,"column":2},"end":{"line":94,"column":null}},"42":{"start":{"line":92,"column":20},"end":{"line":92,"column":54}},"43":{"start":{"line":89,"column":0},"end":{"line":89,"column":16}},"44":{"start":{"line":104,"column":2},"end":{"line":104,"column":null}},"45":{"start":{"line":103,"column":0},"end":{"line":103,"column":16}},"46":{"start":{"line":113,"column":2},"end":{"line":113,"column":null}},"47":{"start":{"line":112,"column":0},"end":{"line":112,"column":16}}},"fnMap":{"0":{"name":"(anonymous_0)","decl":{"start":{"line":9,"column":2},"end":{"line":9,"column":null}},"loc":{"start":{"line":13,"column":5},"end":{"line":13,"column":10}}},"1":{"name":"(anonymous_1)","decl":{"start":{"line":15,"column":22},"end":{"line":15,"column":23}},"loc":{"start":{"line":15,"column":49},"end":{"line":45,"column":3}}},"2":{"name":"(anonymous_2)","decl":{"start":{"line":22,"column":40},"end":{"line":22,"column":41}},"loc":{"start":{"line":22,"column":52},"end":{"line":37,"column":5}}},"3":{"name":"(anonymous_3)","decl":{"start":{"line":26,"column":34},"end":{"line":26,"column":37}},"loc":{"start":{"line":26,"column":39},"end":{"line":33,"column":9}}},"4":{"name":"(anonymous_4)","decl":{"start":{"line":38,"column":11},"end":{"line":38,"column":12}},"loc":{"start":{"line":38,"column":35},"end":{"line":44,"column":5}}},"5":{"name":"(anonymous_5)","decl":{"start":{"line":39,"column":38},"end":{"line":39,"column":41}},"loc":{"start":{"line":39,"column":43},"end":{"line":43,"column":7}}},"6":{"name":"OneOf","decl":{"start":{"line":55,"column":16},"end":{"line":55,"column":21}},"loc":{"start":{"line":55,"column":78},"end":{"line":57,"column":1}}},"7":{"name":"OneOfLiteral","decl":{"start":{"line":65,"column":16},"end":{"line":65,"column":28}},"loc":{"start":{"line":65,"column":75},"end":{"line":80,"column":1}}},"8":{"name":"(anonymous_8)","decl":{"start":{"line":68,"column":78},"end":{"line":68,"column":null}},"loc":{"start":{"line":70,"column":12},"end":{"line":74,"column":3}}},"9":{"name":"(anonymous_9)","decl":{"start":{"line":71,"column":13},"end":{"line":71,"column":16}},"loc":{"start":{"line":71,"column":19},"end":{"line":71,"column":27}}},"10":{"name":"(anonymous_10)","decl":{"start":{"line":77,"column":14},"end":{"line":77,"column":15}},"loc":{"start":{"line":77,"column":20},"end":{"line":77,"column":56}}},"11":{"name":"OneOfUnion","decl":{"start":{"line":89,"column":16},"end":{"line":89,"column":26}},"loc":{"start":{"line":89,"column":106},"end":{"line":95,"column":1}}},"12":{"name":"(anonymous_12)","decl":{"start":{"line":92,"column":14},"end":{"line":92,"column":15}},"loc":{"start":{"line":92,"column":20},"end":{"line":92,"column":54}}},"13":{"name":"OneOfUnionType","decl":{"start":{"line":103,"column":16},"end":{"line":103,"column":30}},"loc":{"start":{"line":103,"column":89},"end":{"line":105,"column":1}}},"14":{"name":"OneOfUnionKind","decl":{"start":{"line":112,"column":16},"end":{"line":112,"column":30}},"loc":{"start":{"line":112,"column":89},"end":{"line":114,"column":1}}}},"branchMap":{"0":{"loc":{"start":{"line":25,"column":6},"end":{"line":36,"column":null}},"type":"if","locations":[{"start":{"line":25,"column":6},"end":{"line":36,"column":null}},{"start":{"line":34,"column":13},"end":{"line":36,"column":null}}]},"1":{"loc":{"start":{"line":92,"column":23},"end":{"line":92,"column":48}},"type":"cond-expr","locations":[{"start":{"line":92,"column":35},"end":{"line":92,"column":43}},{"start":{"line":92,"column":46},"end":{"line":92,"column":48}}]}},"s":{"0":11,"1":11,"2":24,"3":24,"4":24,"5":24,"6":24,"7":24,"8":24,"9":24,"10":24,"11":24,"12":23,"13":23,"14":23,"15":20,"16":20,"17":20,"18":20,"19":20,"20":20,"21":20,"22":3,"23":24,"24":17,"25":17,"26":17,"27":17,"28":11,"29":13,"30":11,"31":1,"32":1,"33":1,"34":2,"35":3,"36":2,"37":1,"38":3,"39":11,"40":2,"41":2,"42":8,"43":11,"44":1,"45":11,"46":1,"47":11},"f":{"0":24,"1":24,"2":23,"3":20,"4":17,"5":17,"6":13,"7":1,"8":2,"9":3,"10":3,"11":2,"12":8,"13":1,"14":1},"b":{"0":[20,3],"1":[8,0]}}
}
