TN:
SF:src/index.ts
FN:2,(anonymous_0)
FN:2,(anonymous_1)
FN:3,(anonymous_2)
FN:3,(anonymous_3)
FN:4,(anonymous_4)
FN:6,(anonymous_5)
FN:7,(anonymous_6)
FN:8,(anonymous_7)
FN:9,(anonymous_8)
FN:9,(anonymous_9)
FN:9,(anonymous_10)
FN:9,(anonymous_11)
FN:9,(anonymous_12)
FN:9,(anonymous_13)
FN:11,(anonymous_14)
FN:11,(anonymous_15)
FN:12,(anonymous_16)
FN:12,(anonymous_17)
FN:13,(anonymous_18)
FN:13,(anonymous_19)
FN:14,(anonymous_20)
FN:14,(anonymous_21)
FN:14,(anonymous_22)
FN:14,(anonymous_23)
FN:15,(anonymous_24)
FN:15,(anonymous_25)
FN:16,(anonymous_26)
FN:16,(anonymous_27)
FN:17,(anonymous_28)
FN:17,(anonymous_29)
FN:18,(anonymous_30)
FN:19,(anonymous_31)
FN:19,(anonymous_32)
FN:20,(anonymous_33)
FN:20,(anonymous_34)
FN:21,(anonymous_35)
FN:21,(anonymous_36)
FN:21,(anonymous_37)
FN:22,(anonymous_38)
FN:22,(anonymous_39)
FN:23,(anonymous_40)
FN:23,(anonymous_41)
FN:24,(anonymous_42)
FN:25,(anonymous_43)
FN:25,(anonymous_44)
FN:26,(anonymous_45)
FN:27,(anonymous_46)
FN:27,(anonymous_47)
FN:27,(anonymous_48)
FN:27,(anonymous_49)
FN:27,(anonymous_50)
FN:27,(anonymous_51)
FN:28,(anonymous_52)
FN:28,(anonymous_53)
FN:29,(anonymous_54)
FN:29,(anonymous_55)
FN:30,(anonymous_56)
FN:30,(anonymous_57)
FN:30,(anonymous_58)
FN:31,(anonymous_59)
FN:31,(anonymous_60)
FN:32,(anonymous_61)
FN:32,(anonymous_62)
FN:33,(anonymous_63)
FN:33,(anonymous_64)
FNF:65
FNH:17
FNDA:0,(anonymous_0)
FNDA:1,(anonymous_1)
FNDA:25,(anonymous_2)
FNDA:0,(anonymous_3)
FNDA:26,(anonymous_4)
FNDA:0,(anonymous_5)
FNDA:0,(anonymous_6)
FNDA:0,(anonymous_7)
FNDA:0,(anonymous_8)
FNDA:0,(anonymous_9)
FNDA:0,(anonymous_10)
FNDA:0,(anonymous_11)
FNDA:0,(anonymous_12)
FNDA:0,(anonymous_13)
FNDA:0,(anonymous_14)
FNDA:0,(anonymous_15)
FNDA:0,(anonymous_16)
FNDA:0,(anonymous_17)
FNDA:0,(anonymous_18)
FNDA:0,(anonymous_19)
FNDA:0,(anonymous_20)
FNDA:0,(anonymous_21)
FNDA:0,(anonymous_22)
FNDA:0,(anonymous_23)
FNDA:0,(anonymous_24)
FNDA:0,(anonymous_25)
FNDA:2,(anonymous_26)
FNDA:0,(anonymous_27)
FNDA:2,(anonymous_28)
FNDA:0,(anonymous_29)
FNDA:4,(anonymous_30)
FNDA:0,(anonymous_31)
FNDA:0,(anonymous_32)
FNDA:0,(anonymous_33)
FNDA:0,(anonymous_34)
FNDA:2,(anonymous_35)
FNDA:1,(anonymous_36)
FNDA:4,(anonymous_37)
FNDA:0,(anonymous_38)
FNDA:3,(anonymous_39)
FNDA:0,(anonymous_40)
FNDA:0,(anonymous_41)
FNDA:0,(anonymous_42)
FNDA:0,(anonymous_43)
FNDA:0,(anonymous_44)
FNDA:0,(anonymous_45)
FNDA:0,(anonymous_46)
FNDA:1,(anonymous_47)
FNDA:1,(anonymous_48)
FNDA:0,(anonymous_49)
FNDA:1,(anonymous_50)
FNDA:1,(anonymous_51)
FNDA:0,(anonymous_52)
FNDA:0,(anonymous_53)
FNDA:0,(anonymous_54)
FNDA:0,(anonymous_55)
FNDA:0,(anonymous_56)
FNDA:0,(anonymous_57)
FNDA:2,(anonymous_58)
FNDA:0,(anonymous_59)
FNDA:1,(anonymous_60)
FNDA:0,(anonymous_61)
FNDA:0,(anonymous_62)
FNDA:0,(anonymous_63)
FNDA:3,(anonymous_64)
DA:2,12
DA:3,36
DA:4,37
DA:6,11
DA:7,11
DA:8,11
DA:9,11
DA:11,11
DA:12,11
DA:13,11
DA:14,11
DA:15,11
DA:16,13
DA:17,13
DA:18,15
DA:19,11
DA:20,11
DA:21,15
DA:22,14
DA:23,11
DA:24,11
DA:25,11
DA:26,11
DA:27,12
DA:28,11
DA:29,11
DA:30,13
DA:31,12
DA:32,11
DA:33,14
LF:30
LH:30
BRF:0
BRH:0
end_of_record
TN:
SF:src/prop.ts
FN:9,(anonymous_0)
FN:13,(anonymous_1)
FN:17,(anonymous_2)
FN:21,(anonymous_3)
FN:29,(anonymous_4)
FN:33,getValues
FN:34,(anonymous_6)
FN:37,(anonymous_7)
FN:38,(anonymous_8)
FN:48,(anonymous_9)
FN:49,(anonymous_10)
FN:53,(anonymous_11)
FN:55,(anonymous_12)
FN:61,(anonymous_13)
FN:63,(anonymous_14)
FN:67,(anonymous_15)
FN:70,(anonymous_16)
FN:73,(anonymous_17)
FN:78,(anonymous_18)
FN:84,(anonymous_19)
FN:85,(anonymous_20)
FN:88,(anonymous_21)
FN:90,(anonymous_22)
FN:98,(anonymous_23)
FN:100,(anonymous_24)
FN:107,(anonymous_25)
FN:111,(anonymous_26)
FN:114,(anonymous_27)
FN:117,(anonymous_28)
FN:120,(anonymous_29)
FN:123,(anonymous_30)
FN:130,(anonymous_31)
FN:132,(anonymous_32)
FN:139,(anonymous_33)
FN:141,(anonymous_34)
FN:142,(anonymous_35)
FN:146,(anonymous_36)
FN:147,(anonymous_37)
FN:151,(anonymous_38)
FN:155,(anonymous_39)
FN:159,(anonymous_40)
FN:161,(anonymous_41)
FN:164,(anonymous_42)
FN:164,(anonymous_43)
FN:171,(anonymous_44)
FN:185,(anonymous_45)
FN:202,(anonymous_46)
FN:208,(anonymous_47)
FN:212,(anonymous_48)
FN:215,(anonymous_49)
FN:221,(anonymous_50)
FN:225,(anonymous_51)
FN:231,(anonymous_52)
FN:234,(anonymous_53)
FN:237,(anonymous_54)
FN:241,(anonymous_55)
FN:243,(anonymous_56)
FN:244,(anonymous_57)
FN:248,(anonymous_58)
FN:249,(anonymous_59)
FN:254,(anonymous_60)
FN:256,(anonymous_61)
FN:257,(anonymous_62)
FNF:63
FNH:16
FNDA:0,(anonymous_0)
FNDA:0,(anonymous_1)
FNDA:0,(anonymous_2)
FNDA:154,(anonymous_3)
FNDA:0,(anonymous_4)
FNDA:0,getValues
FNDA:0,(anonymous_6)
FNDA:0,(anonymous_7)
FNDA:0,(anonymous_8)
FNDA:232,(anonymous_9)
FNDA:245,(anonymous_10)
FNDA:231,(anonymous_11)
FNDA:88,(anonymous_12)
FNDA:39,(anonymous_13)
FNDA:64,(anonymous_14)
FNDA:0,(anonymous_15)
FNDA:0,(anonymous_16)
FNDA:0,(anonymous_17)
FNDA:0,(anonymous_18)
FNDA:2,(anonymous_19)
FNDA:4,(anonymous_20)
FNDA:0,(anonymous_21)
FNDA:0,(anonymous_22)
FNDA:0,(anonymous_23)
FNDA:0,(anonymous_24)
FNDA:0,(anonymous_25)
FNDA:0,(anonymous_26)
FNDA:0,(anonymous_27)
FNDA:0,(anonymous_28)
FNDA:0,(anonymous_29)
FNDA:0,(anonymous_30)
FNDA:0,(anonymous_31)
FNDA:0,(anonymous_32)
FNDA:42,(anonymous_33)
FNDA:93,(anonymous_34)
FNDA:23,(anonymous_35)
FNDA:0,(anonymous_36)
FNDA:0,(anonymous_37)
FNDA:0,(anonymous_38)
FNDA:125,(anonymous_39)
FNDA:0,(anonymous_40)
FNDA:0,(anonymous_41)
FNDA:0,(anonymous_42)
FNDA:0,(anonymous_43)
FNDA:0,(anonymous_44)
FNDA:0,(anonymous_45)
FNDA:0,(anonymous_46)
FNDA:41,(anonymous_47)
FNDA:0,(anonymous_48)
FNDA:0,(anonymous_49)
FNDA:0,(anonymous_50)
FNDA:0,(anonymous_51)
FNDA:258,(anonymous_52)
FNDA:253,(anonymous_53)
FNDA:0,(anonymous_54)
FNDA:0,(anonymous_55)
FNDA:0,(anonymous_56)
FNDA:0,(anonymous_57)
FNDA:0,(anonymous_58)
FNDA:0,(anonymous_59)
FNDA:0,(anonymous_60)
FNDA:0,(anonymous_61)
FNDA:0,(anonymous_62)
DA:3,12
DA:4,12
DA:8,12
DA:10,0
DA:14,0
DA:18,0
DA:22,154
DA:23,154
DA:34,0
DA:36,0
DA:37,0
DA:38,0
DA:39,0
DA:42,0
DA:45,232
DA:47,232
DA:48,232
DA:49,232
DA:50,245
DA:53,232
DA:54,231
DA:55,231
DA:56,88
DA:57,88
DA:61,232
DA:62,39
DA:63,64
DA:64,39
DA:67,232
DA:68,0
DA:69,0
DA:70,0
DA:71,0
DA:72,0
DA:73,0
DA:75,0
DA:78,232
DA:79,0
DA:80,0
DA:81,0
DA:84,232
DA:85,4
DA:88,232
DA:89,0
DA:90,0
DA:91,0
DA:92,0
DA:95,0
DA:98,232
DA:99,0
DA:100,0
DA:101,0
DA:102,0
DA:103,0
DA:107,232
DA:108,0
DA:109,0
DA:110,0
DA:112,0
DA:115,0
DA:117,0
DA:118,0
DA:119,0
DA:121,0
DA:124,0
DA:127,0
DA:130,232
DA:131,0
DA:132,0
DA:133,0
DA:134,0
DA:136,0
DA:139,232
DA:140,42
DA:141,93
DA:142,42
DA:143,42
DA:146,232
DA:147,0
DA:148,0
DA:151,232
DA:152,0
DA:155,232
DA:156,125
DA:159,232
DA:160,0
DA:161,0
DA:164,232
DA:165,0
DA:166,0
DA:167,0
DA:168,0
DA:169,0
DA:170,0
DA:171,0
DA:172,0
DA:173,0
DA:174,0
DA:176,0
DA:177,0
DA:178,0
DA:179,0
DA:181,0
DA:182,0
DA:185,0
DA:186,0
DA:187,0
DA:188,0
DA:189,0
DA:191,0
DA:192,0
DA:193,0
DA:194,0
DA:195,0
DA:197,0
DA:201,12
DA:203,0
DA:204,0
DA:209,41
DA:213,0
DA:214,0
DA:215,0
DA:216,0
DA:218,0
DA:222,0
DA:226,0
DA:229,232
DA:231,232
DA:232,258
DA:233,210
DA:234,253
DA:237,232
DA:238,0
DA:241,232
DA:242,0
DA:243,0
DA:244,0
DA:248,232
DA:249,0
DA:250,0
DA:254,232
DA:255,0
DA:256,0
DA:257,0
DA:258,0
LF:145
LH:49
BRDA:14,0,0,0
BRDA:14,0,1,0
BRDA:18,1,0,0
BRDA:18,1,1,0
BRDA:23,2,0,154
BRDA:23,2,1,154
BRDA:23,2,2,41
BRDA:57,3,0,87
BRDA:91,4,0,0
BRDA:112,5,0,0
BRDA:121,6,0,0
BRDA:131,7,0,0
BRDA:131,7,1,0
BRDA:134,8,0,0
BRDA:164,9,0,0
BRDA:164,10,0,0
BRDA:165,11,0,0
BRDA:165,11,1,0
BRDA:172,12,0,0
BRDA:176,13,0,0
BRDA:176,13,1,0
BRDA:186,14,0,0
BRDA:187,15,0,0
BRDA:204,16,0,0
BRDA:204,16,1,0
BRDA:212,17,0,0
BRDA:212,18,0,0
BRDA:214,19,0,0
BRDA:214,19,1,0
BRDA:221,20,0,0
BRDA:221,21,0,0
BRDA:225,22,0,0
BRDA:225,23,0,0
BRDA:232,24,0,48
BRF:34
BRH:5
end_of_record
TN:
SF:src/components/OneOf.ts
FN:9,(anonymous_0)
FN:15,(anonymous_1)
FN:22,(anonymous_2)
FN:26,(anonymous_3)
FN:38,(anonymous_4)
FN:39,(anonymous_5)
FN:55,OneOf
FN:65,OneOfLiteral
FN:68,(anonymous_8)
FN:71,(anonymous_9)
FN:77,(anonymous_10)
FN:89,OneOfUnion
FN:92,(anonymous_12)
FN:103,OneOfUnionType
FN:112,OneOfUnionKind
FNF:15
FNH:15
FNDA:24,(anonymous_0)
FNDA:24,(anonymous_1)
FNDA:23,(anonymous_2)
FNDA:20,(anonymous_3)
FNDA:17,(anonymous_4)
FNDA:17,(anonymous_5)
FNDA:13,OneOf
FNDA:1,OneOfLiteral
FNDA:2,(anonymous_8)
FNDA:3,(anonymous_9)
FNDA:3,(anonymous_10)
FNDA:2,OneOfUnion
FNDA:8,(anonymous_12)
FNDA:1,OneOfUnionType
FNDA:1,OneOfUnionKind
DA:1,11
DA:6,11
DA:8,11
DA:10,24
DA:11,24
DA:15,24
DA:16,24
DA:17,24
DA:18,24
DA:19,24
DA:20,24
DA:21,24
DA:22,24
DA:23,23
DA:24,23
DA:25,23
DA:26,20
DA:27,20
DA:28,20
DA:29,20
DA:30,20
DA:31,20
DA:32,20
DA:35,3
DA:38,24
DA:39,17
DA:40,17
DA:41,17
DA:42,17
DA:55,11
DA:56,13
DA:65,11
DA:66,1
DA:67,1
DA:68,1
DA:71,3
DA:72,2
DA:75,1
DA:77,3
DA:89,11
DA:90,2
DA:91,2
DA:92,8
DA:103,11
DA:104,1
DA:112,11
DA:113,1
LF:47
LH:47
BRDA:25,0,0,20
BRDA:25,0,1,3
BRDA:92,1,0,8
BRDA:92,1,1,0
BRF:4
BRH:3
end_of_record
